[2021-08-07T11:05:09.287] [INFO] info - dddddfff++
[2021-08-07T11:05:13.107] [INFO] info - dddddfff++
[2021-08-07T11:05:23.133] [INFO] info - dddddfff++
[2021-08-07T13:53:26.959] [INFO] info - dddddfff++
[2021-08-07T16:13:03.246] [INFO] info - dddddfff++
[2021-08-07T22:38:43.654] [INFO] info - dddddfff++
[2021-08-08T22:13:57.548] [INFO] info - **数据库连接成功**
[2021-08-08T22:15:03.912] [INFO] info - **数据库连接成功**
[2021-08-08T22:53:39.329] [INFO] info - **数据库连接成功**
[2021-08-08T23:02:19.635] [INFO] info - **数据库连接成功**
[2021-08-08T23:02:25.641] [INFO] info - **数据库连接成功**
[2021-08-08T23:02:26.922] [INFO] info - **数据库连接成功**
[2021-08-08T23:02:30.815] [INFO] info - **数据库连接成功**
[2021-08-08T23:05:26.231] [INFO] info - **数据库连接成功**
[2021-08-08T23:22:55.420] [INFO] info - **数据库连接成功**
[2021-08-08T23:24:43.804] [INFO] info - **数据库连接成功**
[2021-08-08T23:24:58.961] [INFO] info - params:{}
[2021-08-08T23:26:35.766] [INFO] info - **数据库连接成功**
[2021-08-08T23:26:37.698] [INFO] info - get params:{}
[2021-08-08T23:26:37.698] [INFO] info - post params:{"userName":"admin","userPwd":"222"}
[2021-08-08T23:37:15.113] [INFO] info - **数据库连接成功**
[2021-08-09T14:27:40.009] [INFO] info - **数据库连接成功**
[2021-08-09T14:27:45.313] [INFO] info - get params:{}
[2021-08-09T14:27:45.313] [INFO] info - post params:{"userName":"admin","userPwd":"admin"}
[2021-08-09T17:11:35.917] [INFO] info - get params:{}
[2021-08-09T17:11:35.918] [INFO] info - post params:{"userName":"admin","userPwd":"admin"}
[2021-08-09T17:12:31.890] [INFO] info - get params:{"userName":"admin","userPwd":"admin"}
[2021-08-09T17:12:31.891] [INFO] info - post params:{}
[2021-08-09T17:13:19.555] [INFO] info - get params:{}
[2021-08-09T17:13:19.557] [INFO] info - post params:{}
[2021-08-09T17:14:02.650] [INFO] info - get params:{}
[2021-08-09T17:14:02.650] [INFO] info - post params:{"userName":"admin","userPwd":"admin"}
[2021-08-09T22:03:27.995] [INFO] info - get params:{}
[2021-08-09T22:03:27.996] [INFO] info - post params:{"userName":"admin","userPwd":"admin"}
[2021-08-10T15:34:15.760] [INFO] info - **数据库连接成功**
[2021-08-10T15:38:27.981] [INFO] info - **数据库连接成功**
[2021-08-10T15:39:07.033] [INFO] info - **数据库连接成功**
[2021-08-10T15:43:13.649] [INFO] info - get params:{}
[2021-08-10T15:43:13.649] [INFO] info - post params:{"userName":"admin","userPwd":"admin"}
[2021-08-10T15:43:13.864] [INFO] info - get params:{}
[2021-08-10T15:43:13.864] [INFO] info - post params:{}
[2021-08-10T15:43:13.866] [INFO] info - get params:{}
[2021-08-10T15:43:13.866] [INFO] info - post params:{}
[2021-08-10T15:43:54.720] [INFO] info - get params:{}
[2021-08-10T15:43:54.721] [INFO] info - post params:{}
[2021-08-10T16:01:09.342] [INFO] info - get params:{}
[2021-08-10T16:01:09.342] [INFO] info - post params:{}
[2021-08-10T16:01:09.344] [INFO] info - get params:{}
[2021-08-10T16:01:09.344] [INFO] info - post params:{}
[2021-08-10T16:01:54.569] [INFO] info - **数据库连接成功**
[2021-08-10T16:02:22.760] [INFO] info - get params:{}
[2021-08-10T16:02:22.761] [INFO] info - post params:{"userName":"admin","userPwd":"admin"}
[2021-08-10T16:02:22.879] [INFO] info - get params:{}
[2021-08-10T16:02:22.881] [INFO] info - post params:{}
[2021-08-10T16:02:22.887] [INFO] info - get params:{}
[2021-08-10T16:02:22.887] [INFO] info - post params:{}
[2021-08-10T16:04:43.519] [INFO] info - **数据库连接成功**
[2021-08-10T16:04:48.134] [INFO] info - **数据库连接成功**
[2021-08-10T16:04:52.220] [INFO] info - **数据库连接成功**
[2021-08-10T16:08:19.862] [INFO] info - **数据库连接成功**
[2021-08-10T16:08:22.756] [INFO] info - **数据库连接成功**
[2021-08-10T16:08:33.633] [INFO] info - **数据库连接成功**
[2021-08-10T16:08:35.826] [INFO] info - get params:{}
[2021-08-10T16:08:35.826] [INFO] info - post params:{}
[2021-08-10T16:08:35.831] [INFO] info - get params:{}
[2021-08-10T16:08:35.832] [INFO] info - post params:{}
[2021-08-10T16:08:40.250] [INFO] info - get params:{}
[2021-08-10T16:08:40.250] [INFO] info - post params:{}
[2021-08-10T16:08:40.251] [INFO] info - get params:{}
[2021-08-10T16:08:40.251] [INFO] info - post params:{}
[2021-08-10T16:10:18.715] [INFO] info - get params:{}
[2021-08-10T16:10:18.716] [INFO] info - post params:{}
[2021-08-10T16:10:18.717] [INFO] info - get params:{}
[2021-08-10T16:10:18.717] [INFO] info - post params:{}
[2021-08-10T16:11:19.846] [INFO] info - get params:{}
[2021-08-10T16:11:19.846] [INFO] info - post params:{}
[2021-08-10T16:11:19.850] [INFO] info - get params:{}
[2021-08-10T16:11:19.850] [INFO] info - post params:{}
[2021-08-10T16:12:03.109] [INFO] info - get params:{}
[2021-08-10T16:12:03.110] [INFO] info - post params:{}
[2021-08-10T16:12:03.110] [INFO] info - get params:{}
[2021-08-10T16:12:03.110] [INFO] info - post params:{}
[2021-08-10T16:12:12.087] [INFO] info - get params:{}
[2021-08-10T16:12:12.087] [INFO] info - post params:{}
[2021-08-10T16:12:12.095] [INFO] info - get params:{}
[2021-08-10T16:12:12.095] [INFO] info - post params:{}
[2021-08-10T16:12:26.120] [INFO] info - get params:{}
[2021-08-10T16:12:26.120] [INFO] info - post params:{}
[2021-08-10T16:12:26.126] [INFO] info - get params:{}
[2021-08-10T16:12:26.126] [INFO] info - post params:{}
[2021-08-10T16:12:31.659] [INFO] info - get params:{}
[2021-08-10T16:12:31.659] [INFO] info - post params:{}
[2021-08-10T16:12:31.660] [INFO] info - get params:{}
[2021-08-10T16:12:31.660] [INFO] info - post params:{}
[2021-08-10T16:12:48.226] [INFO] info - get params:{}
[2021-08-10T16:12:48.227] [INFO] info - post params:{"userName":"admin","userPwd":"admin"}
[2021-08-10T16:12:48.336] [INFO] info - get params:{}
[2021-08-10T16:12:48.337] [INFO] info - post params:{}
[2021-08-10T16:12:48.339] [INFO] info - get params:{}
[2021-08-10T16:12:48.339] [INFO] info - post params:{}
[2021-08-10T16:13:39.814] [INFO] info - get params:{}
[2021-08-10T16:13:39.814] [INFO] info - post params:{}
[2021-08-10T16:13:39.817] [INFO] info - get params:{}
[2021-08-10T16:13:39.817] [INFO] info - post params:{}
[2021-08-10T16:14:49.015] [INFO] info - get params:{}
[2021-08-10T16:14:49.015] [INFO] info - post params:{}
[2021-08-10T16:14:49.015] [INFO] info - get params:{}
[2021-08-10T16:14:49.015] [INFO] info - post params:{}
